E, [2018-11-30T12:40:17.996223 #19046] ERROR -- Kitchen: ------Exception-------
E, [2018-11-30T12:40:17.996333 #19046] ERROR -- Kitchen: Class: Kitchen::UserError
E, [2018-11-30T12:40:17.996382 #19046] ERROR -- Kitchen: Message: Kitchen YAML file /home/valli/chef-repo/cookbooks/.kitchen.yml does not exist.
E, [2018-11-30T12:40:17.996423 #19046] ERROR -- Kitchen: ----------------------
E, [2018-11-30T12:40:17.996462 #19046] ERROR -- Kitchen: ------Backtrace-------
E, [2018-11-30T12:40:17.996500 #19046] ERROR -- Kitchen: /opt/chefdk/embedded/lib/ruby/gems/2.5.0/gems/test-kitchen-1.23.2/lib/kitchen/loader/yaml.rb:65:in `read'
E, [2018-11-30T12:40:17.996539 #19046] ERROR -- Kitchen: /opt/chefdk/embedded/lib/ruby/gems/2.5.0/gems/test-kitchen-1.23.2/lib/kitchen/config.rb:152:in `data'
E, [2018-11-30T12:40:17.996579 #19046] ERROR -- Kitchen: /opt/chefdk/embedded/lib/ruby/gems/2.5.0/gems/test-kitchen-1.23.2/lib/kitchen/config.rb:131:in `suites'
E, [2018-11-30T12:40:17.996618 #19046] ERROR -- Kitchen: /opt/chefdk/embedded/lib/ruby/gems/2.5.0/gems/test-kitchen-1.23.2/lib/kitchen/config.rb:182:in `filter_instances'
E, [2018-11-30T12:40:17.996695 #19046] ERROR -- Kitchen: /opt/chefdk/embedded/lib/ruby/gems/2.5.0/gems/test-kitchen-1.23.2/lib/kitchen/config.rb:141:in `build_instances'
E, [2018-11-30T12:40:17.996741 #19046] ERROR -- Kitchen: /opt/chefdk/embedded/lib/ruby/gems/2.5.0/gems/test-kitchen-1.23.2/lib/kitchen/config.rb:117:in `instances'
E, [2018-11-30T12:40:17.996781 #19046] ERROR -- Kitchen: /opt/chefdk/embedded/lib/ruby/gems/2.5.0/gems/test-kitchen-1.23.2/lib/kitchen/command.rb:112:in `filtered_instances'
E, [2018-11-30T12:40:17.996821 #19046] ERROR -- Kitchen: /opt/chefdk/embedded/lib/ruby/gems/2.5.0/gems/test-kitchen-1.23.2/lib/kitchen/command.rb:142:in `parse_subcommand'
E, [2018-11-30T12:40:17.996860 #19046] ERROR -- Kitchen: /opt/chefdk/embedded/lib/ruby/gems/2.5.0/gems/test-kitchen-1.23.2/lib/kitchen/command/list.rb:30:in `call'
E, [2018-11-30T12:40:17.996900 #19046] ERROR -- Kitchen: /opt/chefdk/embedded/lib/ruby/gems/2.5.0/gems/test-kitchen-1.23.2/lib/kitchen/cli.rb:52:in `perform'
E, [2018-11-30T12:40:17.996939 #19046] ERROR -- Kitchen: /opt/chefdk/embedded/lib/ruby/gems/2.5.0/gems/test-kitchen-1.23.2/lib/kitchen/cli.rb:120:in `list'
E, [2018-11-30T12:40:17.996978 #19046] ERROR -- Kitchen: /opt/chefdk/embedded/lib/ruby/gems/2.5.0/gems/thor-0.20.0/lib/thor/command.rb:27:in `run'
E, [2018-11-30T12:40:17.997019 #19046] ERROR -- Kitchen: /opt/chefdk/embedded/lib/ruby/gems/2.5.0/gems/thor-0.20.0/lib/thor/invocation.rb:126:in `invoke_command'
E, [2018-11-30T12:40:17.997059 #19046] ERROR -- Kitchen: /opt/chefdk/embedded/lib/ruby/gems/2.5.0/gems/thor-0.20.0/lib/thor.rb:387:in `dispatch'
E, [2018-11-30T12:40:17.997098 #19046] ERROR -- Kitchen: /opt/chefdk/embedded/lib/ruby/gems/2.5.0/gems/thor-0.20.0/lib/thor/base.rb:466:in `start'
E, [2018-11-30T12:40:17.997138 #19046] ERROR -- Kitchen: /opt/chefdk/embedded/lib/ruby/gems/2.5.0/gems/test-kitchen-1.23.2/bin/kitchen:13:in `block in <top (required)>'
E, [2018-11-30T12:40:17.997227 #19046] ERROR -- Kitchen: /opt/chefdk/embedded/lib/ruby/gems/2.5.0/gems/test-kitchen-1.23.2/lib/kitchen/errors.rb:171:in `with_friendly_errors'
E, [2018-11-30T12:40:17.997272 #19046] ERROR -- Kitchen: /opt/chefdk/embedded/lib/ruby/gems/2.5.0/gems/test-kitchen-1.23.2/bin/kitchen:13:in `<top (required)>'
E, [2018-11-30T12:40:17.997312 #19046] ERROR -- Kitchen: /usr/bin/kitchen:292:in `load'
E, [2018-11-30T12:40:17.997350 #19046] ERROR -- Kitchen: /usr/bin/kitchen:292:in `<main>'
E, [2018-11-30T12:40:17.997389 #19046] ERROR -- Kitchen: ----End Backtrace-----
